-------------------------------------------------------------------------------
Test set: com.AssertionsTest
-------------------------------------------------------------------------------
Tests run: 1, Failures: 0, Errors: 1, Skipped: 0, Time elapsed: 0.001 s <<< FAILURE! - in com.AssertionsTest
testAssertions(com.AssertionsTest)  Time elapsed: 0.001 s  <<< ERROR!
java.lang.Error: 
Unresolved compilation problem: 
	The declared package "" does not match the expected package "com"

	at com.AssertionsTest.<init>(AssertionsTest.java:1)

